{"C:/Users/lucas.maidana/Documents/MyVueProject/src/App.vue": {"path":"C:/Users/lucas.maidana/Documents/MyVueProject/src/App.vue","statementMap":{"0":{"start":{"line":4,"column":0},"end":{"line":4,"column":null}},"1":{"start":{"line":2,"column":0},"end":{"line":2,"column":null}}},"fnMap":{},"branchMap":{},"s":{"0":0,"1":0},"f":{},"b":{}}
,"C:\\Users\\lucas.maidana\\Documents\\MyVueProject\\src\\api\\index.ts": {"path":"C:\\Users\\lucas.maidana\\Documents\\MyVueProject\\src\\api\\index.ts","statementMap":{"0":{"start":{"line":1,"column":24},"end":{"line":1,"column":72}},"1":{"start":{"line":3,"column":23},"end":{"line":3,"column":57}},"2":{"start":{"line":5,"column":0},"end":{"line":21,"column":2}},"3":{"start":{"line":7,"column":19},"end":{"line":10,"column":6}},"4":{"start":{"line":11,"column":24},"end":{"line":11,"column":62}},"5":{"start":{"line":12,"column":4},"end":{"line":19,"column":9}},"6":{"start":{"line":13,"column":21},"end":{"line":13,"column":31}},"7":{"start":{"line":15,"column":8},"end":{"line":17,"column":null}},"8":{"start":{"line":16,"column":10},"end":{"line":16,"column":40}},"9":{"start":{"line":18,"column":8},"end":{"line":18,"column":20}}},"fnMap":{"0":{"name":"(anonymous_0)","decl":{"start":{"line":6,"column":18},"end":{"line":6,"column":19}},"loc":{"start":{"line":6,"column":62},"end":{"line":20,"column":3}}},"1":{"name":"(anonymous_1)","decl":{"start":{"line":13,"column":12},"end":{"line":13,"column":13}},"loc":{"start":{"line":13,"column":21},"end":{"line":13,"column":31}}},"2":{"name":"(anonymous_2)","decl":{"start":{"line":14,"column":12},"end":{"line":14,"column":13}},"loc":{"start":{"line":14,"column":39},"end":{"line":19,"column":7}}}},"branchMap":{"0":{"loc":{"start":{"line":15,"column":8},"end":{"line":17,"column":null}},"type":"if","locations":[{"start":{"line":15,"column":8},"end":{"line":17,"column":null}},{"start":{"line":15,"column":8},"end":{"line":17,"column":null}}]}},"s":{"0":0,"1":0,"2":0,"3":0,"4":0,"5":0,"6":0,"7":0,"8":0,"9":0},"f":{"0":0,"1":0,"2":0},"b":{"0":[0,0]}}
,"C:\\Users\\lucas.maidana\\Documents\\MyVueProject\\src\\components\\NotFound\\NotFound.vue": {"path":"C:\\Users\\lucas.maidana\\Documents\\MyVueProject\\src\\components\\NotFound\\NotFound.vue","statementMap":{"0":{"start":{"line":2,"column":0},"end":{"line":2,"column":15}}},"fnMap":{},"branchMap":{},"s":{"0":0},"f":{},"b":{}}
,"C:\\Users\\lucas.maidana\\Documents\\MyVueProject\\src\\components\\WeatherCard\\WeatherCard.vue": {"path":"C:\\Users\\lucas.maidana\\Documents\\MyVueProject\\src\\components\\WeatherCard\\WeatherCard.vue","statementMap":{"0":{"start":{"line":4,"column":0},"end":{"line":4,"column":15}}},"fnMap":{},"branchMap":{},"s":{"0":1},"f":{},"b":{}}
,"C:\\Users\\lucas.maidana\\Documents\\MyVueProject\\src\\components\\WeatherCard\\WeatherCardSkeleton.vue": {"path":"C:\\Users\\lucas.maidana\\Documents\\MyVueProject\\src\\components\\WeatherCard\\WeatherCardSkeleton.vue","statementMap":{"0":{"start":{"line":2,"column":0},"end":{"line":2,"column":15}}},"fnMap":{},"branchMap":{},"s":{"0":0},"f":{},"b":{}}
,"C:\\Users\\lucas.maidana\\Documents\\MyVueProject\\src\\pages\\Home.vue": {"path":"C:\\Users\\lucas.maidana\\Documents\\MyVueProject\\src\\pages\\Home.vue","statementMap":{"0":{"start":{"line":2,"column":0},"end":{"line":2,"column":null}},"1":{"start":{"line":4,"column":0},"end":{"line":4,"column":null}},"2":{"start":{"line":5,"column":0},"end":{"line":5,"column":null}},"3":{"start":{"line":6,"column":0},"end":{"line":6,"column":null}},"4":{"start":{"line":8,"column":0},"end":{"line":8,"column":15}},"5":{"start":{"line":11,"column":4},"end":{"line":11,"column":11}},"6":{"start":{"line":18,"column":4},"end":{"line":18,"column":16}},"7":{"start":{"line":19,"column":6},"end":{"line":30,"column":null}},"8":{"start":{"line":20,"column":8},"end":{"line":20,"column":13}},"9":{"start":{"line":21,"column":8},"end":{"line":21,"column":null}},"10":{"start":{"line":24,"column":12},"end":{"line":24,"column":16}},"11":{"start":{"line":25,"column":12},"end":{"line":25,"column":16}},"12":{"start":{"line":28,"column":12},"end":{"line":28,"column":16}},"13":{"start":{"line":34,"column":4},"end":{"line":34,"column":9}}},"fnMap":{"0":{"name":"(anonymous_0)","decl":{"start":{"line":10,"column":2},"end":{"line":10,"column":6}},"loc":{"start":{"line":10,"column":2},"end":{"line":16,"column":null}}},"1":{"name":"(anonymous_1)","decl":{"start":{"line":18,"column":16},"end":{"line":18,"column":null}},"loc":{"start":{"line":18,"column":16},"end":{"line":31,"column":null}}},"2":{"name":"(anonymous_2)","decl":{"start":{"line":23,"column":16},"end":{"line":23,"column":17}},"loc":{"start":{"line":23,"column":21},"end":{"line":26,"column":null}}},"3":{"name":"(anonymous_3)","decl":{"start":{"line":27,"column":17},"end":{"line":27,"column":null}},"loc":{"start":{"line":27,"column":17},"end":{"line":29,"column":null}}},"4":{"name":"(anonymous_4)","decl":{"start":{"line":33,"column":9},"end":{"line":33,"column":null}},"loc":{"start":{"line":33,"column":9},"end":{"line":35,"column":null}}}},"branchMap":{"0":{"loc":{"start":{"line":19,"column":6},"end":{"line":30,"column":null}},"type":"if","locations":[{"start":{"line":19,"column":6},"end":{"line":30,"column":null}},{"start":{"line":19,"column":6},"end":{"line":30,"column":null}}]}},"s":{"0":0,"1":0,"2":0,"3":0,"4":0,"5":0,"6":0,"7":0,"8":0,"9":0,"10":0,"11":0,"12":0,"13":0},"f":{"0":0,"1":0,"2":0,"3":0,"4":0},"b":{"0":[0,0]}}
}
